<?xml version="1.0" encoding="UTF-8"?>
<!-- Generated by org.testng.reporters.JUnitXMLReporter -->
<testsuite hostname="LAPTOP-R71BKCQK" failures="0" tests="7" name="Command line test b8c876d7-d725-40cc-815b-c03518080573" time="332.247" errors="0" timestamp="9 Jul 2022 03:52:17 GMT">
  <testcase classname="org.testing.TestScripts_YTFramework.TC1" name="test" time="45.855"/>
  <testcase classname="org.testing.TestScripts_YTFramework.TC2" name="test" time="34.211"/>
  <testcase classname="org.testing.TestScripts_YTFramework.TC3" name="test" time="33.294"/>
  <testcase classname="org.testing.TestScripts_YTFramework.TC4" name="test" time="34.621"/>
  <testcase classname="org.testing.TestScripts_YTFramework.TC6" name="test" time="41.31"/>
  <testcase classname="org.testing.TestScripts_YTFramework.TC7" name="test" time="32.351"/>
  <testcase classname="org.testing.TestScripts_YTFramework.TC8" name="test" time="32.934"/>
</testsuite> <!-- Command line test b8c876d7-d725-40cc-815b-c03518080573 -->
